
> Configure project :app
WARNING: The option setting 'android.disallowKotlinSourceSets=false' is experimental.
The current default is 'true'.

> Task :app:clean FAILED
.\gradlew.bat : 
At line:1 char:1
+ .\gradlew.bat clean 
assembleDebug 2>&1 | 
Out-File -FilePath 
full_buil ...
+ ~~~~~~~~~~~~~~~~~~~~~~~~
~~~~~~~~~~~~~~
    + CategoryInfo        
      : NotSpecified: (:  
  String) [], RemoteExc   
 eption
    + FullyQualifiedError 
   Id : NativeCommandErr  
  or
 
FAILURE: Build failed 
with an exception.

* What went wrong:
Execution failed for task 
':app:clean'.
> java.io.IOException: 
Unable to delete 
directory 'C:\Users\Fu Chu
in\OneDrive\Desktop\Docume
nts\Kitahack2026\SafeX---Y
our-AI-powered-and-real-ti
me-safety-expert\app\build
'
    Failed to delete some 
children. This might 
happen because a process 
has files open or has its 
working directory set in 
the target directory.
    - C:\Users\Fu Chuin\On
eDrive\Desktop\Documents\K
itahack2026\SafeX---Your-A
I-powered-and-real-time-sa
fety-expert\app\build\gene
rated\ksp\debug\java\com\s
afex\app\data\local
    - C:\Users\Fu Chuin\On
eDrive\Desktop\Documents\K
itahack2026\SafeX---Your-A
I-powered-and-real-time-sa
fety-expert\app\build\gene
rated\ksp\debug\java\com\s
afex\app\data
    - C:\Users\Fu Chuin\On
eDrive\Desktop\Documents\K
itahack2026\SafeX---Your-A
I-powered-and-real-time-sa
fety-expert\app\build\gene
rated\ksp\debug\java\com\s
afex\app
    - C:\Users\Fu Chuin\On
eDrive\Desktop\Documents\K
itahack2026\SafeX---Your-A
I-powered-and-real-time-sa
fety-expert\app\build\gene
rated\ksp\debug\java\com\s
afex
    - C:\Users\Fu Chuin\On
eDrive\Desktop\Documents\K
itahack2026\SafeX---Your-A
I-powered-and-real-time-sa
fety-expert\app\build\gene
rated\ksp\debug\java\com
    - C:\Users\Fu Chuin\On
eDrive\Desktop\Documents\K
itahack2026\SafeX---Your-A
I-powered-and-real-time-sa
fety-expert\app\build\gene
rated\ksp\debug\java
    - C:\Users\Fu Chuin\On
eDrive\Desktop\Documents\K
itahack2026\SafeX---Your-A
I-powered-and-real-time-sa
fety-expert\app\build\gene
rated\ksp\debug
    - C:\Users\Fu Chuin\On
eDrive\Desktop\Documents\K
itahack2026\SafeX---Your-A
I-powered-and-real-time-sa
fety-expert\app\build\gene
rated\ksp
    - C:\Users\Fu Chuin\On
eDrive\Desktop\Documents\K
itahack2026\SafeX---Your-A
I-powered-and-real-time-sa
fety-expert\app\build\gene
rated\res\localeConfig\deb
ug\xml
    - C:\Users\Fu Chuin\On
eDrive\Desktop\Documents\K
itahack2026\SafeX---Your-A
I-powered-and-real-time-sa
fety-expert\app\build\gene
rated\res\localeConfig\deb
ug\xml-v35
    - C:\Users\Fu Chuin\On
eDrive\Desktop\Documents\K
itahack2026\SafeX---Your-A
I-powered-and-real-time-sa
fety-expert\app\build\gene
rated\res\localeConfig\deb
ug
    - C:\Users\Fu Chuin\On
eDrive\Desktop\Documents\K
itahack2026\SafeX---Your-A
I-powered-and-real-time-sa
fety-expert\app\build\gene
rated\res\localeConfig
    - C:\Users\Fu Chuin\On
eDrive\Desktop\Documents\K
itahack2026\SafeX---Your-A
I-powered-and-real-time-sa
fety-expert\app\build\gene
rated\res\processDebugGoog
leServices\values
    - C:\Users\Fu Chuin\On
eDrive\Desktop\Documents\K
itahack2026\SafeX---Your-A
I-powered-and-real-time-sa
fety-expert\app\build\gene
rated\res\processDebugGoog
leServices
    - C:\Users\Fu Chuin\On
eDrive\Desktop\Documents\K
itahack2026\SafeX---Your-A
I-powered-and-real-time-sa
fety-expert\app\build\gene
rated\res
    - C:\Users\Fu Chuin\On
eDrive\Desktop\Documents\K
itahack2026\SafeX---Your-A
I-powered-and-real-time-sa
fety-expert\app\build\gene
rated\updated_navigation_x
ml\debug
    - and more ...
    New files were found. 
This might happen because 
a process is still 
writing to the target 
directory.
    - C:\Users\Fu Chuin\On
eDrive\Desktop\Documents\K
itahack2026\SafeX---Your-A
I-powered-and-real-time-sa
fety-expert\app\build\gene
rated

* Try:
> Run with --stacktrace 
option to get the stack 
trace.
> Run with --info or 
--debug option to get 
more log output.
> Run with --scan to 
generate a Build Scan 
(Powered by Develocity).
> Get more help at 
https://help.gradle.org.

BUILD FAILED in 4s
1 actionable task: 1 executed
