
> Configure project :app
WARNING: The option setting 'android.disallowKotlinSourceSets=false' is experimental.
The current default is 'true'.

> Task :app:preBuild UP-TO-DATE
> Task :app:preDebugBuild UP-TO-DATE
> Task :app:processDebugGoogleServices UP-TO-DATE
> Task :app:extractDebugSupportedLocales UP-TO-DATE
> Task :app:generateDebugLocaleConfig UP-TO-DATE
> Task :app:generateDebugResources UP-TO-DATE
> Task :app:packageDebugResources UP-TO-DATE
> Task :app:processDebugNavigationResources UP-TO-DATE
> Task :app:parseDebugLocalResources UP-TO-DATE
> Task :app:generateDebugRFile UP-TO-DATE
> Task :app:kspDebugKotlin FAILED
.\gradlew.bat : 
At line:1 char:1
+ .\gradlew.bat 
kspDebugKotlin 2>&1 | 
Out-File -FilePath 
ksp_errors.txt ...
+ ~~~~~~~~~~~~~~~~~~~~~~~~
~~~~~~~~~
    + CategoryInfo        
      : NotSpecified: (:  
  String) [], RemoteExc   
 eption
    + FullyQualifiedError 
   Id : NativeCommandErr  
  or
 
FAILURE: Build failed 
with an exception.

* What went wrong:
Execution failed for task 
':app:kspDebugKotlin'.
> java.io.IOException: 
Unable to delete 
directory 'C:\Users\Fu Chu
in\OneDrive\Desktop\Docume
nts\Kitahack2026\SafeX---Y
our-AI-powered-and-real-ti
me-safety-expert\app\build
\generated\ksp\debug\java'
    Failed to delete some 
children. This might 
happen because a process 
has files open or has its 
working directory set in 
the target directory.
    - C:\Users\Fu Chuin\On
eDrive\Desktop\Documents\K
itahack2026\SafeX---Your-A
I-powered-and-real-time-sa
fety-expert\app\build\gene
rated\ksp\debug\java\com\s
afex\app\data\local
    - C:\Users\Fu Chuin\On
eDrive\Desktop\Documents\K
itahack2026\SafeX---Your-A
I-powered-and-real-time-sa
fety-expert\app\build\gene
rated\ksp\debug\java\com\s
afex\app\data
    - C:\Users\Fu Chuin\On
eDrive\Desktop\Documents\K
itahack2026\SafeX---Your-A
I-powered-and-real-time-sa
fety-expert\app\build\gene
rated\ksp\debug\java\com\s
afex\app
    - C:\Users\Fu Chuin\On
eDrive\Desktop\Documents\K
itahack2026\SafeX---Your-A
I-powered-and-real-time-sa
fety-expert\app\build\gene
rated\ksp\debug\java\com\s
afex
    - C:\Users\Fu Chuin\On
eDrive\Desktop\Documents\K
itahack2026\SafeX---Your-A
I-powered-and-real-time-sa
fety-expert\app\build\gene
rated\ksp\debug\java\com

* Try:
> Run with --stacktrace 
option to get the stack 
trace.
> Run with --info or 
--debug option to get 
more log output.
> Run with --scan to 
generate a Build Scan 
(Powered by Develocity).
> Get more help at 
https://help.gradle.org.

BUILD FAILED in 2s
9 actionable tasks: 1 executed, 8 up-to-date
